[15:16:55] [ServerMain/INFO]: Environment: authHost='https://authserver.mojang.com', accountsHost='https://api.mojang.com', sessionHost='https://sessionserver.mojang.com', servicesHost='https://api.minecraftservices.com', name='PROD'
[15:17:00] [ServerMain/INFO]: Loaded 7 recipes
[15:17:02] [Server thread/INFO]: Starting minecraft server version 1.20
[15:17:02] [Server thread/INFO]: Loading properties
[15:17:02] [Server thread/INFO]: This server is running Paper version git-Paper-17 (MC: 1.20) (Implementing API version 1.20-R0.1-SNAPSHOT) (Git: c287e92)
[15:17:02] [Server thread/INFO]: Using 4 threads for Netty based IO
[15:17:02] [Server thread/INFO]: Server Ping Player Sample Count: 12
[15:17:03] [Server thread/WARN]: [!] The timings profiler has been enabled but has been scheduled for removal from Paper in the future.
    We recommend installing the spark profiler as a replacement: https://spark.lucko.me/
    For more information please visit: https://github.com/PaperMC/Paper/issues/8948
[15:17:03] [Server thread/INFO]: [ChunkTaskScheduler] Chunk system is using 1 I/O threads, 2 worker threads, and gen parallelism of 2 threads
[15:17:04] [Server thread/INFO]: Default game type: SURVIVAL
[15:17:04] [Server thread/INFO]: Generating keypair
[15:17:05] [Server thread/INFO]: Starting Minecraft server on *:25565
[15:17:05] [Server thread/INFO]: Using default channel type
[15:17:05] [Server thread/INFO]: Paper: Using Java compression from Velocity.
[15:17:05] [Server thread/INFO]: Paper: Using Java cipher from Velocity.
[15:17:07] [Server thread/INFO]: [OreFusion] Loading server plugin OreFusion v1.0
[15:17:07] [Server thread/INFO]: Server permissions file permissions.yml is empty, ignoring it
[15:17:07] [Server thread/WARN]: **** SERVER IS RUNNING IN OFFLINE/INSECURE MODE!
[15:17:07] [Server thread/WARN]: The server will make no attempt to authenticate usernames. Beware.
[15:17:07] [Server thread/WARN]: While this makes the game possible to play without internet access, it also opens up the ability for hackers to connect with any username they choose.
[15:17:07] [Server thread/WARN]: To change this, set "online-mode" to "true" in the server.properties file.
[15:17:07] [Server thread/INFO]: Preparing level "world"
[15:17:08] [Server thread/INFO]: Preparing start region for dimension minecraft:overworld
[15:17:09] [Server thread/INFO]: Time elapsed: 627 ms
[15:17:09] [Server thread/INFO]: Preparing start region for dimension minecraft:the_nether
[15:17:09] [Server thread/INFO]: Time elapsed: 68 ms
[15:17:09] [Server thread/INFO]: Preparing start region for dimension minecraft:the_end
[15:17:09] [Server thread/INFO]: Time elapsed: 58 ms
[15:17:09] [Server thread/INFO]: [OreFusion] Enabling OreFusion v1.0
[15:17:09] [Server thread/INFO]: Running delayed init tasks
[15:17:09] [Server thread/INFO]: Done (7.751s)! For help, type "help"
[15:17:09] [Server thread/INFO]: Timings Reset
[15:17:10] [User Authenticator #0/INFO]: UUID of player Pyotcho is f31bf556-afb3-3391-a5dd-29ef56ebd838
[15:17:17] [Server thread/INFO]: Pyotcho joined the game
[15:17:18] [Server thread/INFO]: Pyotcho[/127.0.0.1:55776] logged in with entity id 1 at ([world_nether]-982.6630159658969, 53.0, -838.9458771132134)
[15:17:18] [Server thread/WARN]: Can't keep up! Is the server overloaded? Running 7414ms or 148 ticks behind
[15:17:26] [Server thread/INFO]: Pyotcho issued server command: /kill
[15:17:26] [Server thread/INFO]: Pyotcho was killed
[15:17:26] [Server thread/INFO]: [Pyotcho: Killed Pyotcho]
[15:17:41] [Server thread/INFO]: Pyotcho issued server command: /give Pyotcho minecraft:diamond_pickaxe
[15:17:41] [Server thread/INFO]: [Pyotcho: Gave 1 [Diamond Pickaxe] to Pyotcho]
[15:17:49] [Server thread/INFO]: Pyotcho issued server command: /rune give Pyotcho veinsmelt
[15:17:49] [Server thread/INFO]: [OreFusion] Player Pyotcho executed command: rune not found
[15:17:55] [Server thread/INFO]: Pyotcho issued server command: /rune give Pyotcho rune_veinsmelt
[15:17:55] [Server thread/INFO]: [OreFusion] Player Pyotcho executed command: rune not found
[15:18:00] [Server thread/INFO]: Pyotcho issued server command: /rune give Pyotcho veinsmelt
[15:18:00] [Server thread/INFO]: [OreFusion] Player Pyotcho executed command: rune not found
[15:18:09] [Server thread/INFO]: Pyotcho issued server command: /rune give Pyotcho vein_smelt
[15:18:11] [Server thread/INFO]: [OreFusion] Player Pyotcho enchanted pickaxe: DIAMOND_PICKAXE
[15:19:32] [Server thread/INFO]: Pyotcho lost connection: Disconnected
[15:19:33] [Server thread/INFO]: Pyotcho left the game
